#-----------------------------------------------------------
# Vivado v2018.3 (64-bit)
# SW Build 2405991 on Thu Dec  6 23:38:27 MST 2018
# IP Build 2404404 on Fri Dec  7 01:43:56 MST 2018
# Start of session at: Sat Jul  9 13:05:05 2022
# Process ID: 8996
# Current directory: G:/01Astar/Astar1024x1024/top_astargnps
# Command line: vivado.exe -gui_launcher_event rodinguilauncherevent12760 G:\01Astar\Astar1024x1024\top_astargnps\top_astargnps.xpr
# Log file: G:/01Astar/Astar1024x1024/top_astargnps/vivado.log
# Journal file: G:/01Astar/Astar1024x1024/top_astargnps\vivado.jou
#-----------------------------------------------------------
start_gui
open_project G:/01Astar/Astar1024x1024/top_astargnps/top_astargnps.xpr
INFO: [Project 1-313] Project file moved from 'G:/01Astar/Astar512x512/top_astargnps' since last save.
WARNING: [Project 1-312] File not found as 'G:/01Astar/Astar1024x1024/MATLAB_512x512/map.coe'; using path 'G:/01Astar/Astar512x512/MATLAB_512x512/map.coe' instead.
Scanning sources...
Finished scanning sources
WARNING: [Project 1-312] File not found as 'G:/01Astar/Astar1024x1024/MATLAB_512x512/map.coe'; using path 'G:/01Astar/Astar512x512/MATLAB_512x512/map.coe' instead.
WARNING: [Project 1-312] File not found as 'G:/01Astar/Astar1024x1024/MATLAB_512x512/map.coe'; using path 'G:/01Astar/Astar512x512/MATLAB_512x512/map.coe' instead.
INFO: [IP_Flow 19-234] Refreshing IP repositories
INFO: [IP_Flow 19-1704] No user IP repositories specified
INFO: [IP_Flow 19-2313] Loaded Vivado IP repository 'D:/Xilinx/Vivado/2018.3/data/ip'.
open_project: Time (s): cpu = 00:00:20 ; elapsed = 00:00:14 . Memory (MB): peak = 926.977 ; gain = 84.867
update_compile_order -fileset sources_1
INFO: [Device 21-403] Loading part xc7vx485tffg1761-2
WARNING: [IP_Flow 19-4067] Ignoring invalid widget type specified checkbox.Providing a default widget
WARNING: [IP_Flow 19-4067] Ignoring invalid widget type specified checkbox.Providing a default widget
set_property -dict [list CONFIG.Write_Depth_A {1048576}] [get_ips mapram1]
generate_target all [get_files  G:/01Astar/Astar1024x1024/top_astargnps/top_astargnps.srcs/sources_1/ip/mapram1/mapram1.xci]
INFO: [IP_Flow 19-1686] Generating 'Instantiation Template' target for IP 'mapram1'...
INFO: [IP_Flow 19-1686] Generating 'Synthesis' target for IP 'mapram1'...
INFO: [IP_Flow 19-1686] Generating 'Simulation' target for IP 'mapram1'...
INFO: [IP_Flow 19-1686] Generating 'Miscellaneous' target for IP 'mapram1'...
INFO: [IP_Flow 19-1686] Generating 'Change Log' target for IP 'mapram1'...
catch { config_ip_cache -export [get_ips -all mapram1] }
export_ip_user_files -of_objects [get_files G:/01Astar/Astar1024x1024/top_astargnps/top_astargnps.srcs/sources_1/ip/mapram1/mapram1.xci] -no_script -sync -force -quiet
create_ip_run [get_files -of_objects [get_fileset sources_1] G:/01Astar/Astar1024x1024/top_astargnps/top_astargnps.srcs/sources_1/ip/mapram1/mapram1.xci]
launch_runs -jobs 4 mapram1_synth_1
[Sat Jul  9 13:09:34 2022] Launched mapram1_synth_1...
Run output will be captured here: G:/01Astar/Astar1024x1024/top_astargnps/top_astargnps.runs/mapram1_synth_1/runme.log
export_simulation -of_objects [get_files G:/01Astar/Astar1024x1024/top_astargnps/top_astargnps.srcs/sources_1/ip/mapram1/mapram1.xci] -directory G:/01Astar/Astar1024x1024/top_astargnps/top_astargnps.ip_user_files/sim_scripts -ip_user_files_dir G:/01Astar/Astar1024x1024/top_astargnps/top_astargnps.ip_user_files -ipstatic_source_dir G:/01Astar/Astar1024x1024/top_astargnps/top_astargnps.ip_user_files/ipstatic -lib_map_path [list {modelsim=G:/01Astar/Astar1024x1024/top_astargnps/top_astargnps.cache/compile_simlib/modelsim} {questa=G:/01Astar/Astar1024x1024/top_astargnps/top_astargnps.cache/compile_simlib/questa} {riviera=G:/01Astar/Astar1024x1024/top_astargnps/top_astargnps.cache/compile_simlib/riviera} {activehdl=G:/01Astar/Astar1024x1024/top_astargnps/top_astargnps.cache/compile_simlib/activehdl}] -use_ip_compiled_libs -force -quiet
WARNING: [IP_Flow 19-4067] Ignoring invalid widget type specified checkbox.Providing a default widget
WARNING: [IP_Flow 19-4067] Ignoring invalid widget type specified checkbox.Providing a default widget
set_property -dict [list CONFIG.Write_Width_A {10} CONFIG.Read_Width_A {10} CONFIG.Write_Width_B {10} CONFIG.Read_Width_B {10}] [get_ips closeram8]
generate_target all [get_files  G:/01Astar/Astar1024x1024/top_astargnps/top_astargnps.srcs/sources_1/ip/closeram8/closeram8.xci]
INFO: [IP_Flow 19-1686] Generating 'Instantiation Template' target for IP 'closeram8'...
INFO: [IP_Flow 19-1686] Generating 'Synthesis' target for IP 'closeram8'...
INFO: [IP_Flow 19-1686] Generating 'Simulation' target for IP 'closeram8'...
INFO: [IP_Flow 19-1686] Generating 'Miscellaneous' target for IP 'closeram8'...
INFO: [IP_Flow 19-1686] Generating 'Change Log' target for IP 'closeram8'...
catch { config_ip_cache -export [get_ips -all closeram8] }
export_ip_user_files -of_objects [get_files G:/01Astar/Astar1024x1024/top_astargnps/top_astargnps.srcs/sources_1/ip/closeram8/closeram8.xci] -no_script -sync -force -quiet
reset_run closeram8_synth_1
WARNING: [Vivado 12-1017] Problems encountered:
1. Failed to delete one or more files in run directory G:/01Astar/Astar1024x1024/top_astargnps/top_astargnps.runs/closeram8_synth_1

launch_runs -jobs 4 closeram8_synth_1
[Sat Jul  9 13:10:24 2022] Launched closeram8_synth_1...
Run output will be captured here: G:/01Astar/Astar1024x1024/top_astargnps/top_astargnps.runs/closeram8_synth_1/runme.log
export_simulation -of_objects [get_files G:/01Astar/Astar1024x1024/top_astargnps/top_astargnps.srcs/sources_1/ip/closeram8/closeram8.xci] -directory G:/01Astar/Astar1024x1024/top_astargnps/top_astargnps.ip_user_files/sim_scripts -ip_user_files_dir G:/01Astar/Astar1024x1024/top_astargnps/top_astargnps.ip_user_files -ipstatic_source_dir G:/01Astar/Astar1024x1024/top_astargnps/top_astargnps.ip_user_files/ipstatic -lib_map_path [list {modelsim=G:/01Astar/Astar1024x1024/top_astargnps/top_astargnps.cache/compile_simlib/modelsim} {questa=G:/01Astar/Astar1024x1024/top_astargnps/top_astargnps.cache/compile_simlib/questa} {riviera=G:/01Astar/Astar1024x1024/top_astargnps/top_astargnps.cache/compile_simlib/riviera} {activehdl=G:/01Astar/Astar1024x1024/top_astargnps/top_astargnps.cache/compile_simlib/activehdl}] -use_ip_compiled_libs -force -quiet
WARNING: [IP_Flow 19-4067] Ignoring invalid widget type specified checkbox.Providing a default widget
WARNING: [IP_Flow 19-4067] Ignoring invalid widget type specified checkbox.Providing a default widget
set_property -dict [list CONFIG.Write_Width_A {10} CONFIG.Write_Depth_A {8192} CONFIG.Read_Width_A {10} CONFIG.Write_Width_B {10} CONFIG.Read_Width_B {10}] [get_ips openram8]
generate_target all [get_files  G:/01Astar/Astar1024x1024/top_astargnps/top_astargnps.srcs/sources_1/ip/openram8/openram8.xci]
INFO: [IP_Flow 19-1686] Generating 'Instantiation Template' target for IP 'openram8'...
INFO: [IP_Flow 19-1686] Generating 'Synthesis' target for IP 'openram8'...
INFO: [IP_Flow 19-1686] Generating 'Simulation' target for IP 'openram8'...
INFO: [IP_Flow 19-1686] Generating 'Miscellaneous' target for IP 'openram8'...
INFO: [IP_Flow 19-1686] Generating 'Change Log' target for IP 'openram8'...
catch { config_ip_cache -export [get_ips -all openram8] }
export_ip_user_files -of_objects [get_files G:/01Astar/Astar1024x1024/top_astargnps/top_astargnps.srcs/sources_1/ip/openram8/openram8.xci] -no_script -sync -force -quiet
reset_run openram8_synth_1
WARNING: [Vivado 12-1017] Problems encountered:
1. Failed to delete one or more files in run directory G:/01Astar/Astar1024x1024/top_astargnps/top_astargnps.runs/openram8_synth_1

launch_runs -jobs 4 openram8_synth_1
[Sat Jul  9 13:13:27 2022] Launched openram8_synth_1...
Run output will be captured here: G:/01Astar/Astar1024x1024/top_astargnps/top_astargnps.runs/openram8_synth_1/runme.log
export_simulation -of_objects [get_files G:/01Astar/Astar1024x1024/top_astargnps/top_astargnps.srcs/sources_1/ip/openram8/openram8.xci] -directory G:/01Astar/Astar1024x1024/top_astargnps/top_astargnps.ip_user_files/sim_scripts -ip_user_files_dir G:/01Astar/Astar1024x1024/top_astargnps/top_astargnps.ip_user_files -ipstatic_source_dir G:/01Astar/Astar1024x1024/top_astargnps/top_astargnps.ip_user_files/ipstatic -lib_map_path [list {modelsim=G:/01Astar/Astar1024x1024/top_astargnps/top_astargnps.cache/compile_simlib/modelsim} {questa=G:/01Astar/Astar1024x1024/top_astargnps/top_astargnps.cache/compile_simlib/questa} {riviera=G:/01Astar/Astar1024x1024/top_astargnps/top_astargnps.cache/compile_simlib/riviera} {activehdl=G:/01Astar/Astar1024x1024/top_astargnps/top_astargnps.cache/compile_simlib/activehdl}] -use_ip_compiled_libs -force -quiet
WARNING: [IP_Flow 19-4067] Ignoring invalid widget type specified checkbox.Providing a default widget
WARNING: [IP_Flow 19-4067] Ignoring invalid widget type specified checkbox.Providing a default widget
set_property -dict [list CONFIG.Write_Width_A {14} CONFIG.Write_Depth_A {8192} CONFIG.Read_Width_A {14} CONFIG.Write_Width_B {14} CONFIG.Read_Width_B {14}] [get_ips openram12]
generate_target all [get_files  G:/01Astar/Astar1024x1024/top_astargnps/top_astargnps.srcs/sources_1/ip/openram12/openram12.xci]
INFO: [IP_Flow 19-1686] Generating 'Instantiation Template' target for IP 'openram12'...
INFO: [IP_Flow 19-1686] Generating 'Synthesis' target for IP 'openram12'...
INFO: [IP_Flow 19-1686] Generating 'Simulation' target for IP 'openram12'...
INFO: [IP_Flow 19-1686] Generating 'Miscellaneous' target for IP 'openram12'...
INFO: [IP_Flow 19-1686] Generating 'Change Log' target for IP 'openram12'...
catch { config_ip_cache -export [get_ips -all openram12] }
export_ip_user_files -of_objects [get_files G:/01Astar/Astar1024x1024/top_astargnps/top_astargnps.srcs/sources_1/ip/openram12/openram12.xci] -no_script -sync -force -quiet
reset_run openram12_synth_1
WARNING: [Vivado 12-1017] Problems encountered:
1. Failed to delete one or more files in run directory G:/01Astar/Astar1024x1024/top_astargnps/top_astargnps.runs/openram12_synth_1

launch_runs -jobs 4 openram12_synth_1
[Sat Jul  9 13:15:09 2022] Launched openram12_synth_1...
Run output will be captured here: G:/01Astar/Astar1024x1024/top_astargnps/top_astargnps.runs/openram12_synth_1/runme.log
export_simulation -of_objects [get_files G:/01Astar/Astar1024x1024/top_astargnps/top_astargnps.srcs/sources_1/ip/openram12/openram12.xci] -directory G:/01Astar/Astar1024x1024/top_astargnps/top_astargnps.ip_user_files/sim_scripts -ip_user_files_dir G:/01Astar/Astar1024x1024/top_astargnps/top_astargnps.ip_user_files -ipstatic_source_dir G:/01Astar/Astar1024x1024/top_astargnps/top_astargnps.ip_user_files/ipstatic -lib_map_path [list {modelsim=G:/01Astar/Astar1024x1024/top_astargnps/top_astargnps.cache/compile_simlib/modelsim} {questa=G:/01Astar/Astar1024x1024/top_astargnps/top_astargnps.cache/compile_simlib/questa} {riviera=G:/01Astar/Astar1024x1024/top_astargnps/top_astargnps.cache/compile_simlib/riviera} {activehdl=G:/01Astar/Astar1024x1024/top_astargnps/top_astargnps.cache/compile_simlib/activehdl}] -use_ip_compiled_libs -force -quiet
reset_run synth_1
launch_runs impl_1 -to_step write_bitstream -jobs 4
[Sat Jul  9 13:20:12 2022] Launched synth_1...
Run output will be captured here: G:/01Astar/Astar1024x1024/top_astargnps/top_astargnps.runs/synth_1/runme.log
[Sat Jul  9 13:20:12 2022] Launched impl_1...
Run output will be captured here: G:/01Astar/Astar1024x1024/top_astargnps/top_astargnps.runs/impl_1/runme.log
reset_run synth_1
launch_runs impl_1 -to_step write_bitstream -jobs 4
[Sat Jul  9 13:27:19 2022] Launched synth_1...
Run output will be captured here: G:/01Astar/Astar1024x1024/top_astargnps/top_astargnps.runs/synth_1/runme.log
[Sat Jul  9 13:27:19 2022] Launched impl_1...
Run output will be captured here: G:/01Astar/Astar1024x1024/top_astargnps/top_astargnps.runs/impl_1/runme.log
reset_run synth_1
launch_runs impl_1 -to_step write_bitstream -jobs 4
[Sat Jul  9 13:31:12 2022] Launched synth_1...
Run output will be captured here: G:/01Astar/Astar1024x1024/top_astargnps/top_astargnps.runs/synth_1/runme.log
[Sat Jul  9 13:31:12 2022] Launched impl_1...
Run output will be captured here: G:/01Astar/Astar1024x1024/top_astargnps/top_astargnps.runs/impl_1/runme.log
open_hw
connect_hw_server
INFO: [Labtools 27-2285] Connecting to hw_server url TCP:localhost:3121
open_hw_target
INFO: [Labtoolstcl 44-466] Opening hw_target localhost:3121/xilinx_tcf/Digilent/210249A14E25
open_hw_target: Time (s): cpu = 00:00:05 ; elapsed = 00:00:06 . Memory (MB): peak = 2279.898 ; gain = 933.020
set_property PROGRAM.FILE {G:/01Astar/Astar1024x1024/top_astargnps/top_astargnps.runs/impl_1/top_astargnps.bit} [get_hw_devices xc7vx485t_0]
set_property PROBES.FILE {G:/01Astar/Astar1024x1024/top_astargnps/top_astargnps.runs/impl_1/top_astargnps.ltx} [get_hw_devices xc7vx485t_0]
set_property FULL_PROBES.FILE {G:/01Astar/Astar1024x1024/top_astargnps/top_astargnps.runs/impl_1/top_astargnps.ltx} [get_hw_devices xc7vx485t_0]
current_hw_device [get_hw_devices xc7vx485t_0]
refresh_hw_device [lindex [get_hw_devices xc7vx485t_0] 0]
INFO: [Labtools 27-2302] Device xc7vx485t (JTAG device index = 0) is programmed with a design that has 1 ILA core(s).
display_hw_ila_data [ get_hw_ila_data hw_ila_data_1 -of_objects [get_hw_ilas -of_objects [get_hw_devices xc7vx485t_0] -filter {CELL_NAME=~"astar_gnps_i/ila_astar_i"}]]
set_property PROBES.FILE {G:/01Astar/Astar1024x1024/top_astargnps/top_astargnps.runs/impl_1/top_astargnps.ltx} [get_hw_devices xc7vx485t_0]
set_property FULL_PROBES.FILE {G:/01Astar/Astar1024x1024/top_astargnps/top_astargnps.runs/impl_1/top_astargnps.ltx} [get_hw_devices xc7vx485t_0]
set_property PROGRAM.FILE {G:/01Astar/Astar1024x1024/top_astargnps/top_astargnps.runs/impl_1/top_astargnps.bit} [get_hw_devices xc7vx485t_0]
program_hw_devices [get_hw_devices xc7vx485t_0]
INFO: [Labtools 27-3164] End of startup status: HIGH
program_hw_devices: Time (s): cpu = 00:00:17 ; elapsed = 00:00:19 . Memory (MB): peak = 2385.852 ; gain = 0.000
refresh_hw_device [lindex [get_hw_devices xc7vx485t_0] 0]
INFO: [Labtools 27-2302] Device xc7vx485t (JTAG device index = 0) is programmed with a design that has 1 ILA core(s).
run_hw_ila [get_hw_ilas -of_objects [get_hw_devices xc7vx485t_0] -filter {CELL_NAME=~"astar_gnps_i/ila_astar_i"}]
INFO: [Labtools 27-1964] The ILA core 'hw_ila_1' trigger was armed at 2022-Jul-09 13:48:42
wait_on_hw_ila [get_hw_ilas -of_objects [get_hw_devices xc7vx485t_0] -filter {CELL_NAME=~"astar_gnps_i/ila_astar_i"}]
display_hw_ila_data [upload_hw_ila_data [get_hw_ilas -of_objects [get_hw_devices xc7vx485t_0] -filter {CELL_NAME=~"astar_gnps_i/ila_astar_i"}]]
INFO: [Labtools 27-1966] The ILA core 'hw_ila_1' triggered at 2022-Jul-09 13:55:48
INFO: [Labtools 27-3304] ILA Waveform data saved to file G:/01Astar/Astar1024x1024/top_astargnps/top_astargnps.hw/backup/hw_ila_data_1.ila. Use Tcl command 'read_hw_ila_data' or Vivado File->Import->Import ILA Data menu item to import the previously saved data.
reset_run synth_1
launch_runs impl_1 -to_step write_bitstream -jobs 4
[Sat Jul  9 14:00:24 2022] Launched synth_1...
Run output will be captured here: G:/01Astar/Astar1024x1024/top_astargnps/top_astargnps.runs/synth_1/runme.log
[Sat Jul  9 14:00:25 2022] Launched impl_1...
Run output will be captured here: G:/01Astar/Astar1024x1024/top_astargnps/top_astargnps.runs/impl_1/runme.log
set_property PROBES.FILE {G:/01Astar/Astar1024x1024/top_astargnps/top_astargnps.runs/impl_1/top_astargnps.ltx} [get_hw_devices xc7vx485t_0]
set_property FULL_PROBES.FILE {G:/01Astar/Astar1024x1024/top_astargnps/top_astargnps.runs/impl_1/top_astargnps.ltx} [get_hw_devices xc7vx485t_0]
set_property PROGRAM.FILE {G:/01Astar/Astar1024x1024/top_astargnps/top_astargnps.runs/impl_1/top_astargnps.bit} [get_hw_devices xc7vx485t_0]
program_hw_devices [get_hw_devices xc7vx485t_0]
INFO: [Labtools 27-3164] End of startup status: HIGH
program_hw_devices: Time (s): cpu = 00:00:17 ; elapsed = 00:00:19 . Memory (MB): peak = 2391.469 ; gain = 0.000
refresh_hw_device [lindex [get_hw_devices xc7vx485t_0] 0]
INFO: [Labtools 27-2302] Device xc7vx485t (JTAG device index = 0) is programmed with a design that has 1 ILA core(s).
run_hw_ila [get_hw_ilas -of_objects [get_hw_devices xc7vx485t_0] -filter {CELL_NAME=~"astar_gnps_i/ila_astar_i"}]
INFO: [Labtools 27-1964] The ILA core 'hw_ila_1' trigger was armed at 2022-Jul-09 14:13:40
wait_on_hw_ila [get_hw_ilas -of_objects [get_hw_devices xc7vx485t_0] -filter {CELL_NAME=~"astar_gnps_i/ila_astar_i"}]
display_hw_ila_data [upload_hw_ila_data [get_hw_ilas -of_objects [get_hw_devices xc7vx485t_0] -filter {CELL_NAME=~"astar_gnps_i/ila_astar_i"}]]
INFO: [Labtools 27-1966] The ILA core 'hw_ila_1' triggered at 2022-Jul-09 14:22:55
INFO: [Labtools 27-3304] ILA Waveform data saved to file G:/01Astar/Astar1024x1024/top_astargnps/top_astargnps.hw/backup/hw_ila_data_1.ila. Use Tcl command 'read_hw_ila_data' or Vivado File->Import->Import ILA Data menu item to import the previously saved data.
save_wave_config {G:/01Astar/Astar1024x1024/top_astargnps/top_astargnps.hw/hw_1/wave/hw_ila_data_1/hw_ila_data_1.wcfg}
exit
INFO: [Common 17-206] Exiting Vivado at Sat Jul  9 14:30:39 2022...
