#-----------------------------------------------------------
# Vivado v2018.3 (64-bit)
# SW Build 2405991 on Thu Dec  6 23:38:27 MST 2018
# IP Build 2404404 on Fri Dec  7 01:43:56 MST 2018
# Start of session at: Fri Jul  8 20:48:25 2022
# Process ID: 2396
# Current directory: G:/01Astar/Astar256x256/top_astargnps
# Command line: vivado.exe -gui_launcher_event rodinguilauncherevent3616 G:\01Astar\Astar256x256\top_astargnps\top_astargnps.xpr
# Log file: G:/01Astar/Astar256x256/top_astargnps/vivado.log
# Journal file: G:/01Astar/Astar256x256/top_astargnps\vivado.jou
#-----------------------------------------------------------
start_gui
open_project G:/01Astar/Astar256x256/top_astargnps/top_astargnps.xpr
INFO: [Project 1-313] Project file moved from 'G:/01Astar/0basic_ram/top_astargnps' since last save.
Scanning sources...
Finished scanning sources
INFO: [IP_Flow 19-234] Refreshing IP repositories
INFO: [IP_Flow 19-1704] No user IP repositories specified
INFO: [IP_Flow 19-2313] Loaded Vivado IP repository 'D:/Xilinx/Vivado/2018.3/data/ip'.
open_project: Time (s): cpu = 00:00:20 ; elapsed = 00:00:13 . Memory (MB): peak = 800.930 ; gain = 192.531
update_compile_order -fileset sources_1
INFO: [Device 21-403] Loading part xc7vx485tffg1761-2
WARNING: [IP_Flow 19-4067] Ignoring invalid widget type specified checkbox.Providing a default widget
WARNING: [IP_Flow 19-4067] Ignoring invalid widget type specified checkbox.Providing a default widget
WARNING: [IP_Flow 19-4067] Ignoring invalid widget type specified checkbox.Providing a default widget
WARNING: [IP_Flow 19-4067] Ignoring invalid widget type specified checkbox.Providing a default widget
set_property -dict [list CONFIG.Write_Depth_A {65536}] [get_ips mapram1]
generate_target all [get_files  G:/01Astar/Astar256x256/top_astargnps/top_astargnps.srcs/sources_1/ip/mapram1/mapram1.xci]
INFO: [IP_Flow 19-1686] Generating 'Instantiation Template' target for IP 'mapram1'...
INFO: [IP_Flow 19-1686] Generating 'Synthesis' target for IP 'mapram1'...
INFO: [IP_Flow 19-1686] Generating 'Simulation' target for IP 'mapram1'...
INFO: [IP_Flow 19-1686] Generating 'Miscellaneous' target for IP 'mapram1'...
INFO: [IP_Flow 19-1686] Generating 'Change Log' target for IP 'mapram1'...
catch { config_ip_cache -export [get_ips -all mapram1] }
export_ip_user_files -of_objects [get_files G:/01Astar/Astar256x256/top_astargnps/top_astargnps.srcs/sources_1/ip/mapram1/mapram1.xci] -no_script -sync -force -quiet
reset_run mapram1_synth_1
launch_runs -jobs 4 mapram1_synth_1
[Fri Jul  8 20:54:11 2022] Launched mapram1_synth_1...
Run output will be captured here: G:/01Astar/Astar256x256/top_astargnps/top_astargnps.runs/mapram1_synth_1/runme.log
export_simulation -of_objects [get_files G:/01Astar/Astar256x256/top_astargnps/top_astargnps.srcs/sources_1/ip/mapram1/mapram1.xci] -directory G:/01Astar/Astar256x256/top_astargnps/top_astargnps.ip_user_files/sim_scripts -ip_user_files_dir G:/01Astar/Astar256x256/top_astargnps/top_astargnps.ip_user_files -ipstatic_source_dir G:/01Astar/Astar256x256/top_astargnps/top_astargnps.ip_user_files/ipstatic -lib_map_path [list {modelsim=G:/01Astar/Astar256x256/top_astargnps/top_astargnps.cache/compile_simlib/modelsim} {questa=G:/01Astar/Astar256x256/top_astargnps/top_astargnps.cache/compile_simlib/questa} {riviera=G:/01Astar/Astar256x256/top_astargnps/top_astargnps.cache/compile_simlib/riviera} {activehdl=G:/01Astar/Astar256x256/top_astargnps/top_astargnps.cache/compile_simlib/activehdl}] -use_ip_compiled_libs -force -quiet
reset_run synth_1
launch_runs impl_1 -to_step write_bitstream -jobs 4
[Fri Jul  8 20:57:57 2022] Launched synth_1...
Run output will be captured here: G:/01Astar/Astar256x256/top_astargnps/top_astargnps.runs/synth_1/runme.log
[Fri Jul  8 20:57:57 2022] Launched impl_1...
Run output will be captured here: G:/01Astar/Astar256x256/top_astargnps/top_astargnps.runs/impl_1/runme.log
open_hw
connect_hw_server
INFO: [Labtools 27-2285] Connecting to hw_server url TCP:localhost:3121
INFO: [Labtools 27-2222] Launching hw_server...
INFO: [Labtools 27-2221] Launch Output:

****** Xilinx hw_server v2018.3
  **** Build date : Dec  7 2018-00:40:27
    ** Copyright 1986-2018 Xilinx, Inc. All Rights Reserved.


open_hw_target
INFO: [Labtoolstcl 44-466] Opening hw_target localhost:3121/xilinx_tcf/Digilent/210249A14E25
open_hw_target: Time (s): cpu = 00:00:05 ; elapsed = 00:00:05 . Memory (MB): peak = 2206.215 ; gain = 912.750
set_property PROGRAM.FILE {G:/01Astar/Astar256x256/top_astargnps/top_astargnps.runs/impl_1/top_astargnps.bit} [get_hw_devices xc7vx485t_0]
set_property PROBES.FILE {G:/01Astar/Astar256x256/top_astargnps/top_astargnps.runs/impl_1/top_astargnps.ltx} [get_hw_devices xc7vx485t_0]
set_property FULL_PROBES.FILE {G:/01Astar/Astar256x256/top_astargnps/top_astargnps.runs/impl_1/top_astargnps.ltx} [get_hw_devices xc7vx485t_0]
current_hw_device [get_hw_devices xc7vx485t_0]
refresh_hw_device [lindex [get_hw_devices xc7vx485t_0] 0]
INFO: [Labtools 27-2302] Device xc7vx485t (JTAG device index = 0) is programmed with a design that has 1 ILA core(s).
display_hw_ila_data [ get_hw_ila_data hw_ila_data_1 -of_objects [get_hw_ilas -of_objects [get_hw_devices xc7vx485t_0] -filter {CELL_NAME=~"astar_gnps_i/ila_astar_i"}]]
set_property PROBES.FILE {G:/01Astar/Astar256x256/top_astargnps/top_astargnps.runs/impl_1/top_astargnps.ltx} [get_hw_devices xc7vx485t_0]
set_property FULL_PROBES.FILE {G:/01Astar/Astar256x256/top_astargnps/top_astargnps.runs/impl_1/top_astargnps.ltx} [get_hw_devices xc7vx485t_0]
set_property PROGRAM.FILE {G:/01Astar/Astar256x256/top_astargnps/top_astargnps.runs/impl_1/top_astargnps.bit} [get_hw_devices xc7vx485t_0]
program_hw_devices [get_hw_devices xc7vx485t_0]
INFO: [Labtools 27-3164] End of startup status: HIGH
program_hw_devices: Time (s): cpu = 00:00:18 ; elapsed = 00:00:17 . Memory (MB): peak = 2263.676 ; gain = 0.000
refresh_hw_device [lindex [get_hw_devices xc7vx485t_0] 0]
INFO: [Labtools 27-2302] Device xc7vx485t (JTAG device index = 0) is programmed with a design that has 1 ILA core(s).
set_property TRIGGER_COMPARE_VALUE eq1'bX [get_hw_probes astar_gnps_i/led0 -of_objects [get_hw_ilas -of_objects [get_hw_devices xc7vx485t_0] -filter {CELL_NAME=~"astar_gnps_i/ila_astar_i"}]]
set_property TRIGGER_COMPARE_VALUE eq1'b1 [get_hw_probes astar_gnps_i/findpath_flag -of_objects [get_hw_ilas -of_objects [get_hw_devices xc7vx485t_0] -filter {CELL_NAME=~"astar_gnps_i/ila_astar_i"}]]
run_hw_ila [get_hw_ilas -of_objects [get_hw_devices xc7vx485t_0] -filter {CELL_NAME=~"astar_gnps_i/ila_astar_i"}]
INFO: [Labtools 27-1964] The ILA core 'hw_ila_1' trigger was armed at 2022-Jul-08 21:07:44
wait_on_hw_ila [get_hw_ilas -of_objects [get_hw_devices xc7vx485t_0] -filter {CELL_NAME=~"astar_gnps_i/ila_astar_i"}]
display_hw_ila_data [upload_hw_ila_data [get_hw_ilas -of_objects [get_hw_devices xc7vx485t_0] -filter {CELL_NAME=~"astar_gnps_i/ila_astar_i"}]]
INFO: [Labtools 27-1966] The ILA core 'hw_ila_1' triggered at 2022-Jul-08 21:09:18
INFO: [Labtools 27-3304] ILA Waveform data saved to file G:/01Astar/Astar256x256/top_astargnps/top_astargnps.hw/backup/hw_ila_data_1.ila. Use Tcl command 'read_hw_ila_data' or Vivado File->Import->Import ILA Data menu item to import the previously saved data.
set_property CONTROL.TRIGGER_POSITION 65500 [get_hw_ilas -of_objects [get_hw_devices xc7vx485t_0] -filter {CELL_NAME=~"astar_gnps_i/ila_astar_i"}]
run_hw_ila [get_hw_ilas -of_objects [get_hw_devices xc7vx485t_0] -filter {CELL_NAME=~"astar_gnps_i/ila_astar_i"}]
INFO: [Labtools 27-1964] The ILA core 'hw_ila_1' trigger was armed at 2022-Jul-08 21:12:09
wait_on_hw_ila [get_hw_ilas -of_objects [get_hw_devices xc7vx485t_0] -filter {CELL_NAME=~"astar_gnps_i/ila_astar_i"}]
display_hw_ila_data [upload_hw_ila_data [get_hw_ilas -of_objects [get_hw_devices xc7vx485t_0] -filter {CELL_NAME=~"astar_gnps_i/ila_astar_i"}]]
INFO: [Labtools 27-1966] The ILA core 'hw_ila_1' triggered at 2022-Jul-08 21:12:09
INFO: [Labtools 27-3304] ILA Waveform data saved to file G:/01Astar/Astar256x256/top_astargnps/top_astargnps.hw/backup/hw_ila_data_1.ila. Use Tcl command 'read_hw_ila_data' or Vivado File->Import->Import ILA Data menu item to import the previously saved data.
run_hw_ila [get_hw_ilas -of_objects [get_hw_devices xc7vx485t_0] -filter {CELL_NAME=~"astar_gnps_i/ila_astar_i"}]
INFO: [Labtools 27-1964] The ILA core 'hw_ila_1' trigger was armed at 2022-Jul-08 21:12:16
wait_on_hw_ila -timeout 0 [get_hw_ilas -of_objects [get_hw_devices xc7vx485t_0] -filter {CELL_NAME=~"astar_gnps_i/ila_astar_i"}]
upload_hw_ila_data [get_hw_ilas -of_objects [get_hw_devices xc7vx485t_0] -filter {CELL_NAME=~"astar_gnps_i/ila_astar_i"}]
WARNING: [Labtools 27-157] hw_ila [hw_ila_1] stopped. No data to upload.
run_hw_ila [get_hw_ilas -of_objects [get_hw_devices xc7vx485t_0] -filter {CELL_NAME=~"astar_gnps_i/ila_astar_i"}]
INFO: [Labtools 27-1964] The ILA core 'hw_ila_1' trigger was armed at 2022-Jul-08 21:12:59
set_property TRIGGER_COMPARE_VALUE eq1'b0 [get_hw_probes astar_gnps_i/findpath_flag -of_objects [get_hw_ilas -of_objects [get_hw_devices xc7vx485t_0] -filter {CELL_NAME=~"astar_gnps_i/ila_astar_i"}]]
set_property TRIGGER_COMPARE_VALUE eq1'b1 [get_hw_probes astar_gnps_i/findpath_flag -of_objects [get_hw_ilas -of_objects [get_hw_devices xc7vx485t_0] -filter {CELL_NAME=~"astar_gnps_i/ila_astar_i"}]]
wait_on_hw_ila [get_hw_ilas -of_objects [get_hw_devices xc7vx485t_0] -filter {CELL_NAME=~"astar_gnps_i/ila_astar_i"}]
display_hw_ila_data [upload_hw_ila_data [get_hw_ilas -of_objects [get_hw_devices xc7vx485t_0] -filter {CELL_NAME=~"astar_gnps_i/ila_astar_i"}]]
INFO: [Labtools 27-1966] The ILA core 'hw_ila_1' triggered at 2022-Jul-08 21:13:21
INFO: [Labtools 27-3304] ILA Waveform data saved to file G:/01Astar/Astar256x256/top_astargnps/top_astargnps.hw/backup/hw_ila_data_1.ila. Use Tcl command 'read_hw_ila_data' or Vivado File->Import->Import ILA Data menu item to import the previously saved data.
WARNING: [IP_Flow 19-4067] Ignoring invalid widget type specified checkbox.Providing a default widget
set_property -dict [list CONFIG.C_DATA_DEPTH {131072}] [get_ips ila_astar]
generate_target all [get_files  G:/01Astar/Astar256x256/top_astargnps/top_astargnps.srcs/sources_1/ip/ila_astar/ila_astar.xci]
INFO: [IP_Flow 19-1686] Generating 'Instantiation Template' target for IP 'ila_astar'...
INFO: [IP_Flow 19-1686] Generating 'Synthesis' target for IP 'ila_astar'...
WARNING: [IP_Flow 19-4994] Overwriting existing constraint file 'g:/01Astar/Astar256x256/top_astargnps/top_astargnps.srcs/sources_1/ip/ila_astar/ila_astar_ooc.xdc'
INFO: [IP_Flow 19-1686] Generating 'Simulation' target for IP 'ila_astar'...
INFO: [IP_Flow 19-1686] Generating 'Implementation' target for IP 'ila_astar'...
INFO: [IP_Flow 19-1686] Generating 'Change Log' target for IP 'ila_astar'...
catch { config_ip_cache -export [get_ips -all ila_astar] }
export_ip_user_files -of_objects [get_files G:/01Astar/Astar256x256/top_astargnps/top_astargnps.srcs/sources_1/ip/ila_astar/ila_astar.xci] -no_script -sync -force -quiet
reset_run ila_astar_synth_1
launch_runs -jobs 4 ila_astar_synth_1
[Fri Jul  8 21:15:26 2022] Launched ila_astar_synth_1...
Run output will be captured here: G:/01Astar/Astar256x256/top_astargnps/top_astargnps.runs/ila_astar_synth_1/runme.log
export_simulation -of_objects [get_files G:/01Astar/Astar256x256/top_astargnps/top_astargnps.srcs/sources_1/ip/ila_astar/ila_astar.xci] -directory G:/01Astar/Astar256x256/top_astargnps/top_astargnps.ip_user_files/sim_scripts -ip_user_files_dir G:/01Astar/Astar256x256/top_astargnps/top_astargnps.ip_user_files -ipstatic_source_dir G:/01Astar/Astar256x256/top_astargnps/top_astargnps.ip_user_files/ipstatic -lib_map_path [list {modelsim=G:/01Astar/Astar256x256/top_astargnps/top_astargnps.cache/compile_simlib/modelsim} {questa=G:/01Astar/Astar256x256/top_astargnps/top_astargnps.cache/compile_simlib/questa} {riviera=G:/01Astar/Astar256x256/top_astargnps/top_astargnps.cache/compile_simlib/riviera} {activehdl=G:/01Astar/Astar256x256/top_astargnps/top_astargnps.cache/compile_simlib/activehdl}] -use_ip_compiled_libs -force -quiet
reset_run synth_1
WARNING: [Vivado 12-1017] Problems encountered:
1. Failed to delete one or more files in run directory G:/01Astar/Astar256x256/top_astargnps/top_astargnps.runs/synth_1

launch_runs impl_1 -to_step write_bitstream -jobs 4
[Fri Jul  8 21:16:03 2022] Launched ila_astar_synth_1, synth_1...
Run output will be captured here:
ila_astar_synth_1: G:/01Astar/Astar256x256/top_astargnps/top_astargnps.runs/ila_astar_synth_1/runme.log
synth_1: G:/01Astar/Astar256x256/top_astargnps/top_astargnps.runs/synth_1/runme.log
[Fri Jul  8 21:16:03 2022] Launched impl_1...
Run output will be captured here: G:/01Astar/Astar256x256/top_astargnps/top_astargnps.runs/impl_1/runme.log
set_property PROBES.FILE {G:/01Astar/Astar256x256/top_astargnps/top_astargnps.runs/impl_1/top_astargnps.ltx} [get_hw_devices xc7vx485t_0]
set_property FULL_PROBES.FILE {G:/01Astar/Astar256x256/top_astargnps/top_astargnps.runs/impl_1/top_astargnps.ltx} [get_hw_devices xc7vx485t_0]
set_property PROGRAM.FILE {G:/01Astar/Astar256x256/top_astargnps/top_astargnps.runs/impl_1/top_astargnps.bit} [get_hw_devices xc7vx485t_0]
program_hw_devices [get_hw_devices xc7vx485t_0]
INFO: [Labtools 27-3164] End of startup status: HIGH
program_hw_devices: Time (s): cpu = 00:00:17 ; elapsed = 00:00:17 . Memory (MB): peak = 2367.898 ; gain = 0.000
refresh_hw_device [lindex [get_hw_devices xc7vx485t_0] 0]
INFO: [Labtools 27-2302] Device xc7vx485t (JTAG device index = 0) is programmed with a design that has 1 ILA core(s).
set_property CONTROL.TRIGGER_POSITION 131000 [get_hw_ilas -of_objects [get_hw_devices xc7vx485t_0] -filter {CELL_NAME=~"astar_gnps_i/ila_astar_i"}]
set_property CONTROL.TRIGGER_POSITION 131071 [get_hw_ilas -of_objects [get_hw_devices xc7vx485t_0] -filter {CELL_NAME=~"astar_gnps_i/ila_astar_i"}]
run_hw_ila [get_hw_ilas -of_objects [get_hw_devices xc7vx485t_0] -filter {CELL_NAME=~"astar_gnps_i/ila_astar_i"}]
INFO: [Labtools 27-1964] The ILA core 'hw_ila_1' trigger was armed at 2022-Jul-08 21:28:19
wait_on_hw_ila [get_hw_ilas -of_objects [get_hw_devices xc7vx485t_0] -filter {CELL_NAME=~"astar_gnps_i/ila_astar_i"}]
display_hw_ila_data [upload_hw_ila_data [get_hw_ilas -of_objects [get_hw_devices xc7vx485t_0] -filter {CELL_NAME=~"astar_gnps_i/ila_astar_i"}]]
INFO: [Labtools 27-1966] The ILA core 'hw_ila_1' triggered at 2022-Jul-08 21:28:50
INFO: [Labtools 27-3304] ILA Waveform data saved to file G:/01Astar/Astar256x256/top_astargnps/top_astargnps.hw/backup/hw_ila_data_1.ila. Use Tcl command 'read_hw_ila_data' or Vivado File->Import->Import ILA Data menu item to import the previously saved data.
FALSE
FALSE
set_property -dict [list CONFIG.PRIMITIVE {MMCM} CONFIG.CLKOUT3_REQUESTED_OUT_FREQ {5} CONFIG.CLKOUT3_REQUESTED_PHASE {0} CONFIG.CLKOUT1_DRIVES {BUFG} CONFIG.CLKOUT2_DRIVES {BUFG} CONFIG.CLKOUT3_DRIVES {BUFG} CONFIG.CLKOUT4_DRIVES {BUFG} CONFIG.CLKOUT5_DRIVES {BUFG} CONFIG.CLKOUT6_DRIVES {BUFG} CONFIG.CLKOUT7_DRIVES {BUFG} CONFIG.FEEDBACK_SOURCE {FDBK_AUTO} CONFIG.MMCM_DIVCLK_DIVIDE {1} CONFIG.MMCM_CLKFBOUT_MULT_F {3.500} CONFIG.MMCM_COMPENSATION {ZHOLD} CONFIG.MMCM_CLKOUT0_DIVIDE_F {7.000} CONFIG.MMCM_CLKOUT1_DIVIDE {7} CONFIG.MMCM_CLKOUT2_DIVIDE {128} CONFIG.MMCM_CLKOUT2_PHASE {0.000} CONFIG.CLKOUT1_JITTER {105.772} CONFIG.CLKOUT1_PHASE_ERROR {96.629} CONFIG.CLKOUT2_JITTER {105.772} CONFIG.CLKOUT2_PHASE_ERROR {96.629} CONFIG.CLKOUT3_JITTER {190.062} CONFIG.CLKOUT3_PHASE_ERROR {96.629}] [get_ips clk_wiz_0]
generate_target all [get_files  G:/01Astar/Astar256x256/top_astargnps/top_astargnps.srcs/sources_1/ip/clk_wiz_0/clk_wiz_0.xci]
INFO: [IP_Flow 19-1686] Generating 'Instantiation Template' target for IP 'clk_wiz_0'...
xit::source_ipfile: Time (s): cpu = 00:00:00 ; elapsed = 00:00:05 . Memory (MB): peak = 9828.551 ; gain = 0.000
INFO: [IP_Flow 19-1686] Generating 'Synthesis' target for IP 'clk_wiz_0'...
INFO: [IP_Flow 19-1686] Generating 'Simulation' target for IP 'clk_wiz_0'...
INFO: [IP_Flow 19-1686] Generating 'Implementation' target for IP 'clk_wiz_0'...
INFO: [IP_Flow 19-1686] Generating 'Change Log' target for IP 'clk_wiz_0'...
generate_target: Time (s): cpu = 00:00:02 ; elapsed = 00:00:22 . Memory (MB): peak = 9828.551 ; gain = 0.000
catch { config_ip_cache -export [get_ips -all clk_wiz_0] }
export_ip_user_files -of_objects [get_files G:/01Astar/Astar256x256/top_astargnps/top_astargnps.srcs/sources_1/ip/clk_wiz_0/clk_wiz_0.xci] -no_script -sync -force -quiet
reset_run clk_wiz_0_synth_1
reset_runs: Time (s): cpu = 00:00:01 ; elapsed = 00:00:09 . Memory (MB): peak = 9828.551 ; gain = 0.000
launch_runs -jobs 4 clk_wiz_0_synth_1
[Fri Jul  8 21:37:21 2022] Launched clk_wiz_0_synth_1...
Run output will be captured here: G:/01Astar/Astar256x256/top_astargnps/top_astargnps.runs/clk_wiz_0_synth_1/runme.log
launch_runs: Time (s): cpu = 00:00:01 ; elapsed = 00:00:08 . Memory (MB): peak = 9830.109 ; gain = 1.559
export_simulation -of_objects [get_files G:/01Astar/Astar256x256/top_astargnps/top_astargnps.srcs/sources_1/ip/clk_wiz_0/clk_wiz_0.xci] -directory G:/01Astar/Astar256x256/top_astargnps/top_astargnps.ip_user_files/sim_scripts -ip_user_files_dir G:/01Astar/Astar256x256/top_astargnps/top_astargnps.ip_user_files -ipstatic_source_dir G:/01Astar/Astar256x256/top_astargnps/top_astargnps.ip_user_files/ipstatic -lib_map_path [list {modelsim=G:/01Astar/Astar256x256/top_astargnps/top_astargnps.cache/compile_simlib/modelsim} {questa=G:/01Astar/Astar256x256/top_astargnps/top_astargnps.cache/compile_simlib/questa} {riviera=G:/01Astar/Astar256x256/top_astargnps/top_astargnps.cache/compile_simlib/riviera} {activehdl=G:/01Astar/Astar256x256/top_astargnps/top_astargnps.cache/compile_simlib/activehdl}] -use_ip_compiled_libs -force -quiet
reset_run synth_1
WARNING: [Vivado 12-1017] Problems encountered:
1. Failed to delete one or more files in run directory G:/01Astar/Astar256x256/top_astargnps/top_astargnps.runs/synth_1

launch_runs impl_1 -to_step write_bitstream -jobs 4
[Fri Jul  8 21:37:48 2022] Launched clk_wiz_0_synth_1, synth_1...
Run output will be captured here:
clk_wiz_0_synth_1: G:/01Astar/Astar256x256/top_astargnps/top_astargnps.runs/clk_wiz_0_synth_1/runme.log
synth_1: G:/01Astar/Astar256x256/top_astargnps/top_astargnps.runs/synth_1/runme.log
[Fri Jul  8 21:37:48 2022] Launched impl_1...
Run output will be captured here: G:/01Astar/Astar256x256/top_astargnps/top_astargnps.runs/impl_1/runme.log
set_property PROBES.FILE {G:/01Astar/Astar256x256/top_astargnps/top_astargnps.runs/impl_1/top_astargnps.ltx} [get_hw_devices xc7vx485t_0]
set_property FULL_PROBES.FILE {G:/01Astar/Astar256x256/top_astargnps/top_astargnps.runs/impl_1/top_astargnps.ltx} [get_hw_devices xc7vx485t_0]
set_property PROGRAM.FILE {G:/01Astar/Astar256x256/top_astargnps/top_astargnps.runs/impl_1/top_astargnps.bit} [get_hw_devices xc7vx485t_0]
program_hw_devices [get_hw_devices xc7vx485t_0]
INFO: [Labtools 27-3164] End of startup status: HIGH
program_hw_devices: Time (s): cpu = 00:00:18 ; elapsed = 00:00:17 . Memory (MB): peak = 9836.184 ; gain = 0.000
refresh_hw_device [lindex [get_hw_devices xc7vx485t_0] 0]
INFO: [Labtools 27-2302] Device xc7vx485t (JTAG device index = 0) is programmed with a design that has 1 ILA core(s).
run_hw_ila [get_hw_ilas -of_objects [get_hw_devices xc7vx485t_0] -filter {CELL_NAME=~"astar_gnps_i/ila_astar_i"}]
INFO: [Labtools 27-1964] The ILA core 'hw_ila_1' trigger was armed at 2022-Jul-08 21:46:38
wait_on_hw_ila [get_hw_ilas -of_objects [get_hw_devices xc7vx485t_0] -filter {CELL_NAME=~"astar_gnps_i/ila_astar_i"}]
display_hw_ila_data [upload_hw_ila_data [get_hw_ilas -of_objects [get_hw_devices xc7vx485t_0] -filter {CELL_NAME=~"astar_gnps_i/ila_astar_i"}]]
INFO: [Labtools 27-1966] The ILA core 'hw_ila_1' triggered at 2022-Jul-08 21:47:26
INFO: [Labtools 27-3304] ILA Waveform data saved to file G:/01Astar/Astar256x256/top_astargnps/top_astargnps.hw/backup/hw_ila_data_1.ila. Use Tcl command 'read_hw_ila_data' or Vivado File->Import->Import ILA Data menu item to import the previously saved data.
run_hw_ila [get_hw_ilas -of_objects [get_hw_devices xc7vx485t_0] -filter {CELL_NAME=~"astar_gnps_i/ila_astar_i"}]
INFO: [Labtools 27-1964] The ILA core 'hw_ila_1' trigger was armed at 2022-Jul-08 21:47:34
wait_on_hw_ila [get_hw_ilas -of_objects [get_hw_devices xc7vx485t_0] -filter {CELL_NAME=~"astar_gnps_i/ila_astar_i"}]
display_hw_ila_data [upload_hw_ila_data [get_hw_ilas -of_objects [get_hw_devices xc7vx485t_0] -filter {CELL_NAME=~"astar_gnps_i/ila_astar_i"}]]
INFO: [Labtools 27-1966] The ILA core 'hw_ila_1' triggered at 2022-Jul-08 21:47:34
INFO: [Labtools 27-3304] ILA Waveform data saved to file G:/01Astar/Astar256x256/top_astargnps/top_astargnps.hw/backup/hw_ila_data_1.ila. Use Tcl command 'read_hw_ila_data' or Vivado File->Import->Import ILA Data menu item to import the previously saved data.
run_hw_ila [get_hw_ilas -of_objects [get_hw_devices xc7vx485t_0] -filter {CELL_NAME=~"astar_gnps_i/ila_astar_i"}]
INFO: [Labtools 27-1964] The ILA core 'hw_ila_1' trigger was armed at 2022-Jul-08 21:47:53
wait_on_hw_ila [get_hw_ilas -of_objects [get_hw_devices xc7vx485t_0] -filter {CELL_NAME=~"astar_gnps_i/ila_astar_i"}]
display_hw_ila_data [upload_hw_ila_data [get_hw_ilas -of_objects [get_hw_devices xc7vx485t_0] -filter {CELL_NAME=~"astar_gnps_i/ila_astar_i"}]]
INFO: [Labtools 27-1966] The ILA core 'hw_ila_1' triggered at 2022-Jul-08 21:48:23
INFO: [Labtools 27-3304] ILA Waveform data saved to file G:/01Astar/Astar256x256/top_astargnps/top_astargnps.hw/backup/hw_ila_data_1.ila. Use Tcl command 'read_hw_ila_data' or Vivado File->Import->Import ILA Data menu item to import the previously saved data.
WARNING: [IP_Flow 19-4067] Ignoring invalid widget type specified checkbox.Providing a default widget
set_property -dict [list CONFIG.C_PROBE0_WIDTH {32} CONFIG.C_DATA_DEPTH {1024}] [get_ips ila_astar]
generate_target all [get_files  G:/01Astar/Astar256x256/top_astargnps/top_astargnps.srcs/sources_1/ip/ila_astar/ila_astar.xci]
INFO: [IP_Flow 19-1686] Generating 'Instantiation Template' target for IP 'ila_astar'...
INFO: [IP_Flow 19-1686] Generating 'Synthesis' target for IP 'ila_astar'...
WARNING: [IP_Flow 19-4994] Overwriting existing constraint file 'g:/01Astar/Astar256x256/top_astargnps/top_astargnps.srcs/sources_1/ip/ila_astar/ila_astar_ooc.xdc'
INFO: [IP_Flow 19-1686] Generating 'Simulation' target for IP 'ila_astar'...
INFO: [IP_Flow 19-1686] Generating 'Implementation' target for IP 'ila_astar'...
INFO: [IP_Flow 19-1686] Generating 'Change Log' target for IP 'ila_astar'...
catch { config_ip_cache -export [get_ips -all ila_astar] }
export_ip_user_files -of_objects [get_files G:/01Astar/Astar256x256/top_astargnps/top_astargnps.srcs/sources_1/ip/ila_astar/ila_astar.xci] -no_script -sync -force -quiet
reset_run ila_astar_synth_1
launch_runs -jobs 4 ila_astar_synth_1
[Fri Jul  8 21:59:40 2022] Launched ila_astar_synth_1...
Run output will be captured here: G:/01Astar/Astar256x256/top_astargnps/top_astargnps.runs/ila_astar_synth_1/runme.log
export_simulation -of_objects [get_files G:/01Astar/Astar256x256/top_astargnps/top_astargnps.srcs/sources_1/ip/ila_astar/ila_astar.xci] -directory G:/01Astar/Astar256x256/top_astargnps/top_astargnps.ip_user_files/sim_scripts -ip_user_files_dir G:/01Astar/Astar256x256/top_astargnps/top_astargnps.ip_user_files -ipstatic_source_dir G:/01Astar/Astar256x256/top_astargnps/top_astargnps.ip_user_files/ipstatic -lib_map_path [list {modelsim=G:/01Astar/Astar256x256/top_astargnps/top_astargnps.cache/compile_simlib/modelsim} {questa=G:/01Astar/Astar256x256/top_astargnps/top_astargnps.cache/compile_simlib/questa} {riviera=G:/01Astar/Astar256x256/top_astargnps/top_astargnps.cache/compile_simlib/riviera} {activehdl=G:/01Astar/Astar256x256/top_astargnps/top_astargnps.cache/compile_simlib/activehdl}] -use_ip_compiled_libs -force -quiet
reset_run synth_1
WARNING: [Vivado 12-1017] Problems encountered:
1. Failed to delete one or more files in run directory G:/01Astar/Astar256x256/top_astargnps/top_astargnps.runs/synth_1

launch_runs impl_1 -to_step write_bitstream -jobs 4
[Fri Jul  8 22:00:06 2022] Launched ila_astar_synth_1, synth_1...
Run output will be captured here:
ila_astar_synth_1: G:/01Astar/Astar256x256/top_astargnps/top_astargnps.runs/ila_astar_synth_1/runme.log
synth_1: G:/01Astar/Astar256x256/top_astargnps/top_astargnps.runs/synth_1/runme.log
[Fri Jul  8 22:00:06 2022] Launched impl_1...
Run output will be captured here: G:/01Astar/Astar256x256/top_astargnps/top_astargnps.runs/impl_1/runme.log
set_property PROBES.FILE {G:/01Astar/Astar256x256/top_astargnps/top_astargnps.runs/impl_1/top_astargnps.ltx} [get_hw_devices xc7vx485t_0]
set_property FULL_PROBES.FILE {G:/01Astar/Astar256x256/top_astargnps/top_astargnps.runs/impl_1/top_astargnps.ltx} [get_hw_devices xc7vx485t_0]
set_property PROGRAM.FILE {G:/01Astar/Astar256x256/top_astargnps/top_astargnps.runs/impl_1/top_astargnps.bit} [get_hw_devices xc7vx485t_0]
program_hw_devices [get_hw_devices xc7vx485t_0]
INFO: [Labtools 27-3164] End of startup status: HIGH
program_hw_devices: Time (s): cpu = 00:00:18 ; elapsed = 00:00:17 . Memory (MB): peak = 9853.012 ; gain = 0.000
refresh_hw_device [lindex [get_hw_devices xc7vx485t_0] 0]
INFO: [Labtools 27-2302] Device xc7vx485t (JTAG device index = 0) is programmed with a design that has 1 ILA core(s).
add_wave -into {hw_ila_data_1.wcfg} -radix hex { {astar_gnps_i/cnt_time} }
set_property PROBES.FILE {G:/01Astar/Astar256x256/top_astargnps/top_astargnps.runs/impl_1/top_astargnps.ltx} [get_hw_devices xc7vx485t_0]
set_property FULL_PROBES.FILE {G:/01Astar/Astar256x256/top_astargnps/top_astargnps.runs/impl_1/top_astargnps.ltx} [get_hw_devices xc7vx485t_0]
set_property PROGRAM.FILE {G:/01Astar/Astar256x256/top_astargnps/top_astargnps.runs/impl_1/top_astargnps.bit} [get_hw_devices xc7vx485t_0]
program_hw_devices [get_hw_devices xc7vx485t_0]
INFO: [Labtools 27-3164] End of startup status: HIGH
program_hw_devices: Time (s): cpu = 00:00:20 ; elapsed = 00:00:17 . Memory (MB): peak = 9853.012 ; gain = 0.000
refresh_hw_device [lindex [get_hw_devices xc7vx485t_0] 0]
INFO: [Labtools 27-2302] Device xc7vx485t (JTAG device index = 0) is programmed with a design that has 1 ILA core(s).
run_hw_ila [get_hw_ilas -of_objects [get_hw_devices xc7vx485t_0] -filter {CELL_NAME=~"astar_gnps_i/ila_astar_i"}]
INFO: [Labtools 27-1964] The ILA core 'hw_ila_1' trigger was armed at 2022-Jul-08 22:12:29
wait_on_hw_ila [get_hw_ilas -of_objects [get_hw_devices xc7vx485t_0] -filter {CELL_NAME=~"astar_gnps_i/ila_astar_i"}]
display_hw_ila_data [upload_hw_ila_data [get_hw_ilas -of_objects [get_hw_devices xc7vx485t_0] -filter {CELL_NAME=~"astar_gnps_i/ila_astar_i"}]]
INFO: [Labtools 27-1966] The ILA core 'hw_ila_1' triggered at 2022-Jul-08 22:13:00
INFO: [Labtools 27-3304] ILA Waveform data saved to file G:/01Astar/Astar256x256/top_astargnps/top_astargnps.hw/backup/hw_ila_data_1.ila. Use Tcl command 'read_hw_ila_data' or Vivado File->Import->Import ILA Data menu item to import the previously saved data.
save_wave_config {G:/01Astar/Astar256x256/top_astargnps/top_astargnps.hw/hw_1/wave/hw_ila_data_1/hw_ila_data_1.wcfg}
exit
INFO: [Common 17-206] Exiting Vivado at Fri Jul  8 22:17:44 2022...
