#-----------------------------------------------------------
# Vivado v2018.3 (64-bit)
# SW Build 2405991 on Thu Dec  6 23:38:27 MST 2018
# IP Build 2404404 on Fri Dec  7 01:43:56 MST 2018
# Start of session at: Thu May 19 14:30:56 2022
# Process ID: 1424
# Current directory: G:/01Astar/Astar128x128/top_astargnps
# Command line: vivado.exe -gui_launcher_event rodinguilauncherevent14236 G:\01Astar\Astar128x128\top_astargnps\top_astargnps.xpr
# Log file: G:/01Astar/Astar128x128/top_astargnps/vivado.log
# Journal file: G:/01Astar/Astar128x128/top_astargnps\vivado.jou
#-----------------------------------------------------------
start_gui
open_project G:/01Astar/Astar128x128/top_astargnps/top_astargnps.xpr
Scanning sources...
Finished scanning sources
INFO: [IP_Flow 19-234] Refreshing IP repositories
INFO: [IP_Flow 19-1704] No user IP repositories specified
INFO: [IP_Flow 19-2313] Loaded Vivado IP repository 'D:/Xilinx/Vivado/2018.3/data/ip'.
open_project: Time (s): cpu = 00:00:22 ; elapsed = 00:00:19 . Memory (MB): peak = 790.441 ; gain = 214.773
update_compile_order -fileset sources_1
reset_run impl_1 -prev_step 
launch_runs impl_1 -to_step write_bitstream -jobs 4
[Thu May 19 14:33:16 2022] Launched impl_1...
Run output will be captured here: G:/01Astar/Astar128x128/top_astargnps/top_astargnps.runs/impl_1/runme.log
reset_run impl_1 -prev_step 
WARNING: [Vivado 12-1017] Problems encountered:
1. PID not specified

open_hw
connect_hw_server
INFO: [Labtools 27-2285] Connecting to hw_server url TCP:localhost:3121
open_hw_target
INFO: [Labtoolstcl 44-466] Opening hw_target localhost:3121/xilinx_tcf/Digilent/210249A14E25
open_hw_target: Time (s): cpu = 00:00:06 ; elapsed = 00:00:10 . Memory (MB): peak = 1846.094 ; gain = 700.559
current_hw_device [get_hw_devices xc7vx485t_0]
refresh_hw_device -update_hw_probes false [lindex [get_hw_devices xc7vx485t_0] 0]
INFO: [Labtools 27-1434] Device xc7vx485t (JTAG device index = 0) is programmed with a design that has no supported debug core(s) in it.
launch_runs impl_1 -to_step write_bitstream -jobs 4
[Thu May 19 14:34:25 2022] Launched impl_1...
Run output will be captured here: G:/01Astar/Astar128x128/top_astargnps/top_astargnps.runs/impl_1/runme.log
reset_run impl_1 -prev_step 
reset_runs: Time (s): cpu = 00:00:01 ; elapsed = 00:00:06 . Memory (MB): peak = 1855.293 ; gain = 0.266
launch_runs impl_1 -to_step write_bitstream -jobs 4
[Thu May 19 14:35:56 2022] Launched impl_1...
Run output will be captured here: G:/01Astar/Astar128x128/top_astargnps/top_astargnps.runs/impl_1/runme.log
set_property PROBES.FILE {G:/01Astar/Astar128x128/top_astargnps/top_astargnps.runs/impl_1/top_astargnps.ltx} [get_hw_devices xc7vx485t_0]
set_property FULL_PROBES.FILE {G:/01Astar/Astar128x128/top_astargnps/top_astargnps.runs/impl_1/top_astargnps.ltx} [get_hw_devices xc7vx485t_0]
set_property PROGRAM.FILE {G:/01Astar/Astar128x128/top_astargnps/top_astargnps.runs/impl_1/top_astargnps.bit} [get_hw_devices xc7vx485t_0]
program_hw_devices [get_hw_devices xc7vx485t_0]
INFO: [Labtools 27-3164] End of startup status: HIGH
program_hw_devices: Time (s): cpu = 00:00:18 ; elapsed = 00:00:17 . Memory (MB): peak = 1856.711 ; gain = 0.000
refresh_hw_device [lindex [get_hw_devices xc7vx485t_0] 0]
INFO: [Labtools 27-2302] Device xc7vx485t (JTAG device index = 0) is programmed with a design that has 2 ILA core(s).
display_hw_ila_data [ get_hw_ila_data hw_ila_data_1 -of_objects [get_hw_ilas -of_objects [get_hw_devices xc7vx485t_0] -filter {CELL_NAME=~"astar_gnps_i/ila_astar_i"}]]
display_hw_ila_data [ get_hw_ila_data hw_ila_data_2 -of_objects [get_hw_ilas -of_objects [get_hw_devices xc7vx485t_0] -filter {CELL_NAME=~"u_ila_0"}]]
save_wave_config {G:/01Astar/Astar128x128/top_astargnps/top_astargnps.hw/hw_1/wave/hw_ila_data_1/hw_ila_data_1.wcfg}
save_wave_config {G:/01Astar/Astar128x128/top_astargnps/top_astargnps.hw/hw_1/wave/hw_ila_data_2/hw_ila_data_2.wcfg}
exit
INFO: [Common 17-206] Exiting Vivado at Thu May 19 14:58:24 2022...
